
========= [08:41:28Z] Wait for stac-fastapi to recover =========
deployment "stac-fastapi" successfully rolled out

========= [08:41:28Z] RBAC bootstrap =========
→ port-forward RustFS admin
→ policy: dashi-ingest
→ policy: dashi-pipeline
→ policy: dashi-serving-reader
→ user dashi-pipeline (policy: dashi-pipeline) mirrored into dashi-data/dashi-rustfs-pipeline
→ user dashi-serving-reader (policy: dashi-serving-reader) mirrored into dashi-serving/dashi-rustfs-serving
→ user dashi-ingest (policy: dashi-ingest) mirrored into dashi-data/dashi-rustfs-ingest

✓ per-zone RustFS identity bootstrap complete

enabled    dashi-ingest          dashi-ingest        
enabled    dashi-pipeline        dashi-pipeline      
enabled    dashi-serving-reader  dashi-serving-reader

========= [08:41:33Z] Serving (TiTiler + DuckDB) =========
→ Building dashi/duckdb-endpoint:dev
DEPRECATED: The legacy builder is deprecated and will be removed in a future release.
            Install the buildx component to build images with BuildKit:
            https://docs.docker.com/go/buildx/

Sending build context to Docker daemon  10.75kB
Step 1/7 : FROM python:3.12-slim
 ---> 520153e2deb3
Step 2/7 : RUN pip install --no-cache-dir       "fastapi==0.115.6"       "uvicorn[standard]==0.32.1"       "duckdb==1.1.3"       "pydantic==2.10.3"
 ---> Using cache
 ---> f58faf69c831
Step 3/7 : WORKDIR /app
 ---> Using cache
 ---> 6e99dbcadc3b
Step 4/7 : COPY app.py /app/app.py
 ---> Using cache
 ---> c81e4506f2a5
Step 5/7 : ENV LOG_LEVEL=INFO
 ---> Using cache
 ---> b08b8692c279
Step 6/7 : EXPOSE 8080
 ---> Using cache
 ---> b57956d24ba6
Step 7/7 : CMD ["uvicorn", "app:app", "--host", "0.0.0.0", "--port", "8080"]
 ---> Using cache
 ---> 883470a9354e
Successfully built 883470a9354e
Successfully tagged dashi/duckdb-endpoint:dev
→ Building dashi/titiler-endpoint:dev
DEPRECATED: The legacy builder is deprecated and will be removed in a future release.
            Install the buildx component to build images with BuildKit:
            https://docs.docker.com/go/buildx/

Sending build context to Docker daemon  9.728kB
Step 1/8 : FROM python:3.12-slim
 ---> 520153e2deb3
Step 2/8 : RUN apt-get update  && apt-get install -y --no-install-recommends       libexpat1  && rm -rf /var/lib/apt/lists/*
 ---> Using cache
 ---> e5240dfcf525
Step 3/8 : RUN pip install --no-cache-dir       "fastapi==0.115.6"       "uvicorn[standard]==0.32.1"       "rio-tiler==7.4.0"       "pillow==11.0.0"
 ---> Using cache
 ---> 7f0112afac22
Step 4/8 : WORKDIR /app
 ---> Using cache
 ---> 89bd793f5fa9
Step 5/8 : COPY app.py /app/app.py
 ---> Using cache
 ---> 26e4f2196e5d
Step 6/8 : ENV LOG_LEVEL=INFO     GDAL_DISABLE_READDIR_ON_OPEN=EMPTY_DIR     CPL_VSIL_CURL_ALLOWED_EXTENSIONS=".tif,.TIF,.tiff"
 ---> Using cache
 ---> 579cbb814d9d
Step 7/8 : EXPOSE 8080
 ---> Using cache
 ---> ffd234cd236d
Step 8/8 : CMD ["uvicorn", "app:app", "--host", "0.0.0.0", "--port", "8080"]
 ---> Using cache
 ---> 1bb04bbb9cf8
Successfully built 1bb04bbb9cf8
Successfully tagged dashi/titiler-endpoint:dev
→ Importing images into k3d cluster dashi
[36mINFO[0m[0000] Importing image(s) into cluster 'dashi'      
[36mINFO[0m[0001] Saving 2 image(s) from runtime...            
[36mINFO[0m[0003] Importing images into nodes...               
[36mINFO[0m[0003] Importing images from tarball '/k3d/images/k3d-dashi-images-20260425104135.tar' into node 'k3d-dashi-agent-0'... 
[36mINFO[0m[0003] Importing images from tarball '/k3d/images/k3d-dashi-images-20260425104135.tar' into node 'k3d-dashi-server-0'... 
[36mINFO[0m[0003] Importing images from tarball '/k3d/images/k3d-dashi-images-20260425104135.tar' into node 'k3d-dashi-agent-1'... 
[36mINFO[0m[0008] Removing the tarball(s) from image volume... 
[36mINFO[0m[0009] Removing k3d-tools node...                   
[36mINFO[0m[0010] Successfully imported image(s)               
[36mINFO[0m[0010] Successfully imported 2 image(s) into 1 cluster(s) 
→ Ensuring dashi-serving namespace
namespace/dashi-serving configured
→ Verifying per-zone RustFS credentials are present
→ Applying TiTiler
deployment.apps/titiler created
service/titiler created
→ Applying duckdb-endpoint
namespace/dashi-serving configured
service/duckdb-endpoint created
deployment.apps/duckdb-endpoint created

→ Waiting for TiTiler
Waiting for deployment "titiler" rollout to finish: 0 of 1 updated replicas are available...
deployment "titiler" successfully rolled out
→ Waiting for duckdb-endpoint
Waiting for deployment "duckdb-endpoint" rollout to finish: 0 of 1 updated replicas are available...
deployment "duckdb-endpoint" successfully rolled out

✓ Serving layer ready in dashi-serving
  TiTiler         : svc/titiler:8080
  DuckDB SQL API  : svc/duckdb-endpoint:8080

========= [08:41:51Z] Prefect =========
→ Generated new secret (stored only in the cluster Secret object)
namespace/dashi-data configured
serviceaccount/prefect-worker created
role.rbac.authorization.k8s.io/prefect-worker created
clusterrole.rbac.authorization.k8s.io/prefect-worker-cluster-watch created
rolebinding.rbac.authorization.k8s.io/prefect-worker created
clusterrolebinding.rbac.authorization.k8s.io/prefect-worker-cluster-watch created
secret/prefect-db created
service/prefect-db created
service/prefect-db-headless created
service/prefect-server created
deployment.apps/prefect-server created
deployment.apps/prefect-worker created
statefulset.apps/prefect-db created

→ Waiting for Prefect DB
kubectl -n dashi-data rollout status statefulset/prefect-db --timeout=180s
Waiting for 1 pods to be ready...
partitioned roll out complete: 1 new pods have been updated...
→ Waiting for Prefect server
kubectl -n dashi-data rollout status deployment/prefect-server --timeout=240s
Waiting for deployment "prefect-server" rollout to finish: 0 of 1 updated replicas are available...
deployment "prefect-server" successfully rolled out
→ Waiting for Prefect worker
kubectl -n dashi-data rollout status deployment/prefect-worker --timeout=180s
Waiting for deployment "prefect-worker" rollout to finish: 0 of 1 updated replicas are available...
deployment "prefect-worker" successfully rolled out

✓ Prefect up. Port-forward with:
  kubectl -n dashi-data port-forward svc/prefect-server 4200:4200
  then visit http://localhost:4200/  (UI) and set PREFECT_API_URL=http://localhost:4200/api

========= [08:44:01Z] Prefect work pool patch =========
ERROR: set PREFECT_API_URL first (port-forward svc/prefect-server)
make: *** [prefect-patch-pool] Error 1

========= [08:44:01Z] Monitoring =========
→ Generated new secret (stored only in the cluster Secret object)
namespace/dashi-monitoring created
serviceaccount/kube-state-metrics created
serviceaccount/prometheus created
clusterrole.rbac.authorization.k8s.io/kube-state-metrics created
clusterrole.rbac.authorization.k8s.io/prometheus created
clusterrolebinding.rbac.authorization.k8s.io/kube-state-metrics created
clusterrolebinding.rbac.authorization.k8s.io/prometheus created
configmap/grafana-dashboard-provider created
configmap/grafana-dashboards created
configmap/grafana-datasources created
configmap/prometheus-config created
configmap/prometheus-rules created
secret/grafana-admin created
service/grafana created
service/kube-state-metrics created
service/prometheus created
deployment.apps/grafana created
deployment.apps/kube-state-metrics created
deployment.apps/prometheus created

→ Waiting for Prometheus
kubectl -n dashi-monitoring rollout status deployment/prometheus --timeout=180s
Waiting for deployment "prometheus" rollout to finish: 0 of 1 updated replicas are available...
deployment "prometheus" successfully rolled out
→ Waiting for kube-state-metrics
kubectl -n dashi-monitoring rollout status deployment/kube-state-metrics --timeout=120s
deployment "kube-state-metrics" successfully rolled out
→ Waiting for Grafana
kubectl -n dashi-monitoring rollout status deployment/grafana --timeout=180s
deployment "grafana" successfully rolled out

✓ Monitoring up. Port-forwards:
  kubectl -n dashi-monitoring port-forward svc/prometheus 9090:9090
  kubectl -n dashi-monitoring port-forward svc/grafana    3000:3000

========= [08:44:40Z] NetworkPolicies =========
kubectl apply -k manifests/network-policies
networkpolicy.networking.k8s.io/allow-pgstac-clients created
networkpolicy.networking.k8s.io/allow-stac-fastapi-clients created
networkpolicy.networking.k8s.io/default-deny-ingress created
networkpolicy.networking.k8s.io/allow-prefect-db created
networkpolicy.networking.k8s.io/allow-prefect-server created
networkpolicy.networking.k8s.io/default-deny-ingress created
networkpolicy.networking.k8s.io/allow-monitoring-public created
networkpolicy.networking.k8s.io/default-deny-ingress created
networkpolicy.networking.k8s.io/allow-rustfs-clients created
networkpolicy.networking.k8s.io/default-deny-ingress created
networkpolicy.networking.k8s.io/allow-serving-public created
networkpolicy.networking.k8s.io/default-deny-ingress created

✓ NetworkPolicies applied (12 total: default-deny per namespace + scoped allows)

========= [08:44:40Z] OGC (PostGIS + Martin + PMTiles regen) =========
→ Generated new secret (stored only in the cluster Secret object)
namespace/dashi-serving-db created
configmap/serving-postgis-initdb created
secret/serving-postgis created
service/serving-postgis created
service/serving-postgis-headless created
statefulset.apps/serving-postgis created
kubectl -n dashi-serving-db rollout status statefulset/serving-postgis --timeout=180s
Waiting for 1 pods to be ready...
partitioned roll out complete: 1 new pods have been updated...
kubectl apply -k manifests/martin
configmap/martin-config created
service/martin created
deployment.apps/martin created

→ Generating PMTiles (one Job per layer; replace pmtiles-generate.sh's
  layer list to add/remove sources)
→ spawning one K8s Job per layer in namespace dashi-data

  ▸ osm_roads   s3://processed/gelaende-umwelt/0e80204b11694337/vector  (z 5..14)
job.batch/pmtiles-osm-roads created
  ▸ osm_buildings   s3://processed/gelaende-umwelt/e697e674cbdbb8a0/vector  (z 10..14)
job.batch/pmtiles-osm-buildings created
  ▸ osm_landuse   s3://processed/gelaende-umwelt/3e101071b6b86e32/vector  (z 6..13)
job.batch/pmtiles-osm-landuse created
  ▸ osm_water   s3://processed/gelaende-umwelt/560d1c1d82d3d2bf/vector  (z 5..13)
job.batch/pmtiles-osm-water created
  ▸ osm_railways   s3://processed/gelaende-umwelt/2cd235c1855841ba/vector  (z 6..14)
job.batch/pmtiles-osm-railways created
  ▸ mgrs_grids   s3://processed/gelaende-umwelt/28838a19ceacfdf3/vector  (z 5..12)
job.batch/pmtiles-mgrs-grids created

→ waiting for all pmtiles-* Jobs to complete (up to 15 min)
  ✗ pmtiles-mgrs-grids
    Error from server (BadRequest): container "gen" in pod "pmtiles-mgrs-grids-x62hq" is waiting to start: trying and failing to pull image
make: *** [ogc-deploy] Error 1
