
========= [09:01:14Z] Build dashi/tippecanoe:dev =========
DEPRECATED: The legacy builder is deprecated and will be removed in a future release.
            Install the buildx component to build images with BuildKit:
            https://docs.docker.com/go/buildx/

Sending build context to Docker daemon  9.216kB
Step 1/15 : FROM debian:12-slim AS builder
 ---> f9c6a2fd2ddb
Step 2/15 : ARG TIPPECANOE_VERSION=2.79.0
 ---> Using cache
 ---> ccc7b1d8e503
Step 3/15 : RUN apt-get update  && apt-get install -y --no-install-recommends       build-essential       ca-certificates       git       libsqlite3-dev       zlib1g-dev  && rm -rf /var/lib/apt/lists/*
 ---> Using cache
 ---> 2eedc5637ddd
Step 4/15 : WORKDIR /src
 ---> Using cache
 ---> c633866bd53d
Step 5/15 : RUN git clone --depth=1 --branch=${TIPPECANOE_VERSION} https://github.com/felt/tippecanoe.git  && cd tippecanoe && make -j"$(nproc)"
 ---> Using cache
 ---> 623cc705b8aa
Step 6/15 : FROM ghcr.io/osgeo/gdal:ubuntu-full-3.12.0
 ---> f1377176e822
Step 7/15 : RUN apt-get update  && apt-get install -y --no-install-recommends       bash       ca-certificates       curl       libsqlite3-0       python3-pip       zlib1g  && rm -rf /var/lib/apt/lists/*
 ---> Using cache
 ---> 051024d28672
Step 8/15 : ARG PMTILES_VERSION=1.22.3
 ---> Using cache
 ---> 4c8233f124bb
Step 9/15 : RUN set -eu;     arch="$(uname -m)";     case "$arch" in       aarch64|arm64) pm_arch=arm64 ;;       x86_64|amd64) pm_arch=amd64 ;;       *) echo "unsupported arch $arch"; exit 1 ;;     esac;     curl -fsSL "https://github.com/protomaps/go-pmtiles/releases/download/v${PMTILES_VERSION}/go-pmtiles_${PMTILES_VERSION}_Linux_${pm_arch}.tar.gz"       | tar -xz -C /usr/local/bin pmtiles
 ---> Using cache
 ---> ee894195a2dc
Step 10/15 : COPY --from=builder /src/tippecanoe/tippecanoe /src/tippecanoe/tile-join /usr/local/bin/
 ---> Using cache
 ---> ff35d3bf2d96
Step 11/15 : RUN pip install --break-system-packages --no-cache-dir boto3==1.35.96
 ---> Using cache
 ---> 75f4b0980724
Step 12/15 : COPY generate-pmtiles.sh /usr/local/bin/generate-pmtiles.sh
 ---> d3912ca873fe
Step 13/15 : RUN chmod +x /usr/local/bin/generate-pmtiles.sh
 ---> Running in 0c80299490ca
 ---> Removed intermediate container 0c80299490ca
 ---> 7b142b1e8dac
Step 14/15 : WORKDIR /work
 ---> Running in ed22dcb8ee42
 ---> Removed intermediate container ed22dcb8ee42
 ---> 88d716cbb5fa
Step 15/15 : ENTRYPOINT ["/bin/bash"]
 ---> Running in ab29fd67f33a
 ---> Removed intermediate container ab29fd67f33a
 ---> a41d4c2ba611
Successfully built a41d4c2ba611
Successfully tagged dashi/tippecanoe:dev

========= [09:01:22Z] Build dashi/dashi-ingest:dev =========
DEPRECATED: The legacy builder is deprecated and will be removed in a future release.
            Install the buildx component to build images with BuildKit:
            https://docs.docker.com/go/buildx/

Sending build context to Docker daemon  651.1MB
Step 1/8 : FROM condaforge/miniforge3:latest
 ---> e005c6b13277
Step 2/8 : RUN mamba install -y -c conda-forge       python=3.12       gdal=3.9       pdal=2.7       python-pdal  && mamba clean -afy
 ---> Using cache
 ---> c4c865f907e4
Step 3/8 : WORKDIR /app
 ---> Using cache
 ---> d66fa0fbcf65
Step 4/8 : COPY pyproject.toml README.md* /app/
 ---> 8eadb8a2bb8c
Step 5/8 : COPY src /app/src
 ---> 9b301c6db9ff
Step 6/8 : RUN pip install --no-cache-dir       "prefect>=3.1,<4"       "prefect-kubernetes>=0.5"     && pip install --no-cache-dir -e .
 ---> Running in 806a5b7a85d0
Collecting prefect<4,>=3.1
  Downloading prefect-3.6.28-py3-none-any.whl.metadata (14 kB)
Collecting prefect-kubernetes>=0.5
  Downloading prefect_kubernetes-0.7.8-py3-none-any.whl.metadata (1.8 kB)
Collecting aiosqlite<1.0.0,>=0.17.0 (from prefect<4,>=3.1)
  Downloading aiosqlite-0.22.1-py3-none-any.whl.metadata (4.3 kB)
Collecting alembic<2.0.0,>=1.7.5 (from prefect<4,>=3.1)
  Downloading alembic-1.18.4-py3-none-any.whl.metadata (7.2 kB)
Collecting amplitude-analytics<2.0.0,>=1.2.1 (from prefect<4,>=3.1)
  Downloading amplitude_analytics-1.2.3-py3-none-any.whl.metadata (3.3 kB)
Collecting anyio<5.0.0,>=4.4.0 (from prefect<4,>=3.1)
  Downloading anyio-4.13.0-py3-none-any.whl.metadata (4.5 kB)
Collecting apprise<2.0.0,>=1.1.0 (from prefect<4,>=3.1)
  Downloading apprise-1.9.9-py3-none-any.whl.metadata (56 kB)
Collecting asgi-lifespan<3.0,>=1.0 (from prefect<4,>=3.1)
  Downloading asgi_lifespan-2.1.0-py3-none-any.whl.metadata (10 kB)
Collecting asyncpg<1.0.0,>=0.23 (from prefect<4,>=3.1)
  Downloading asyncpg-0.31.0-cp312-cp312-manylinux_2_28_aarch64.whl.metadata (4.4 kB)
Collecting cachetools<8.0,>=5.3 (from prefect<4,>=3.1)
  Downloading cachetools-7.0.6-py3-none-any.whl.metadata (5.9 kB)
Collecting click<9,>=8.0 (from prefect<4,>=3.1)
  Downloading click-8.3.3-py3-none-any.whl.metadata (2.6 kB)
Collecting cloudpickle<4.0,>=2.0 (from prefect<4,>=3.1)
  Downloading cloudpickle-3.1.2-py3-none-any.whl.metadata (7.1 kB)
Collecting coolname<5.0.0,>=1.0.4 (from prefect<4,>=3.1)
  Downloading coolname-4.2.0-py3-none-any.whl.metadata (4.9 kB)
Collecting cryptography>=36.0.1 (from prefect<4,>=3.1)
  Downloading cryptography-47.0.0-cp311-abi3-manylinux_2_34_aarch64.whl.metadata (4.5 kB)
Collecting cyclopts>=4.8.0 (from prefect<4,>=3.1)
  Downloading cyclopts-4.11.0-py3-none-any.whl.metadata (12 kB)
Collecting dateparser<2.0.0,>=1.1.1 (from prefect<4,>=3.1)
  Downloading dateparser-1.4.0-py3-none-any.whl.metadata (31 kB)
Collecting docker<8.0,>=4.0 (from prefect<4,>=3.1)
  Downloading docker-7.1.0-py3-none-any.whl.metadata (3.8 kB)
Collecting exceptiongroup>=1.0.0 (from prefect<4,>=3.1)
  Downloading exceptiongroup-1.3.1-py3-none-any.whl.metadata (6.7 kB)
Collecting fastapi<1.0.0,>=0.111.0 (from prefect<4,>=3.1)
  Downloading fastapi-0.136.1-py3-none-any.whl.metadata (28 kB)
Collecting fsspec>=2022.5.0 (from prefect<4,>=3.1)
  Downloading fsspec-2026.3.0-py3-none-any.whl.metadata (10 kB)
Collecting graphviz>=0.20.1 (from prefect<4,>=3.1)
  Downloading graphviz-0.21-py3-none-any.whl.metadata (12 kB)
Collecting griffe<3.0.0,>=0.49.0 (from prefect<4,>=3.1)
  Downloading griffe-2.0.2-py3-none-any.whl.metadata (12 kB)
Collecting httpcore<2.0.0,>=1.0.5 (from prefect<4,>=3.1)
  Downloading httpcore-1.0.9-py3-none-any.whl.metadata (21 kB)
Collecting httpx!=0.23.2,>=0.23 (from httpx[http2]!=0.23.2,>=0.23->prefect<4,>=3.1)
  Downloading httpx-0.28.1-py3-none-any.whl.metadata (7.1 kB)
Collecting humanize<5.0.0,>=4.9.0 (from prefect<4,>=3.1)
  Downloading humanize-4.15.0-py3-none-any.whl.metadata (7.8 kB)
Collecting jinja2-humanize-extension>=0.4.0 (from prefect<4,>=3.1)
  Downloading jinja2_humanize_extension-0.4.0-py3-none-any.whl.metadata (3.6 kB)
Collecting jinja2<4.0.0,>=3.1.6 (from prefect<4,>=3.1)
  Downloading jinja2-3.1.6-py3-none-any.whl.metadata (2.9 kB)
Requirement already satisfied: jsonpatch<2.0,>=1.32 in /opt/conda/lib/python3.12/site-packages (from prefect<4,>=3.1) (1.33)
Collecting jsonschema<5.0.0,>=4.18.0 (from prefect<4,>=3.1)
  Downloading jsonschema-4.26.0-py3-none-any.whl.metadata (7.6 kB)
Collecting opentelemetry-api<2.0.0,>=1.27.0 (from prefect<4,>=3.1)
  Downloading opentelemetry_api-1.41.1-py3-none-any.whl.metadata (1.5 kB)
Collecting orjson<4.0,>=3.7 (from prefect<4,>=3.1)
  Downloading orjson-3.11.8-cp312-cp312-manylinux_2_17_aarch64.manylinux2014_aarch64.whl.metadata (41 kB)
Requirement already satisfied: packaging<26.2,>=21.3 in /opt/conda/lib/python3.12/site-packages (from prefect<4,>=3.1) (26.0)
Collecting pathspec>=0.8.0 (from prefect<4,>=3.1)
  Downloading pathspec-1.1.0-py3-none-any.whl.metadata (14 kB)
Collecting pendulum<4,>=3.1.0 (from prefect<4,>=3.1)
  Downloading pendulum-3.2.0-cp312-cp312-manylinux_2_17_aarch64.manylinux2014_aarch64.whl.metadata (6.8 kB)
Requirement already satisfied: pluggy>=1.6.0 in /opt/conda/lib/python3.12/site-packages (from prefect<4,>=3.1) (1.6.0)
Collecting prometheus-client>=0.20.0 (from prefect<4,>=3.1)
  Downloading prometheus_client-0.25.0-py3-none-any.whl.metadata (2.1 kB)
Collecting pydantic!=2.11.0,!=2.11.1,!=2.11.2,!=2.11.3,!=2.11.4,<3.0.0,>=2.10.1 (from prefect<4,>=3.1)
  Downloading pydantic-2.13.3-py3-none-any.whl.metadata (108 kB)
Collecting pydantic-core<3.0.0,>=2.12.0 (from prefect<4,>=3.1)
  Downloading pydantic_core-2.46.3-cp312-cp312-manylinux_2_17_aarch64.manylinux2014_aarch64.whl.metadata (6.6 kB)
Collecting pydantic-extra-types<3.0.0,>=2.8.2 (from prefect<4,>=3.1)
  Downloading pydantic_extra_types-2.11.1-py3-none-any.whl.metadata (4.2 kB)
Collecting pydantic-settings!=2.9.0,<3.0.0,>2.2.1 (from prefect<4,>=3.1)
  Downloading pydantic_settings-2.14.0-py3-none-any.whl.metadata (3.4 kB)
Collecting pydocket>=0.19.0 (from prefect<4,>=3.1)
  Downloading pydocket-0.19.2-py3-none-any.whl.metadata (6.8 kB)
Collecting python-dateutil<3.0.0,>=2.8.2 (from prefect<4,>=3.1)
  Downloading python_dateutil-2.9.0.post0-py2.py3-none-any.whl.metadata (8.4 kB)
Collecting python-slugify<9.0,>=5.0 (from prefect<4,>=3.1)
  Downloading python_slugify-8.0.4-py2.py3-none-any.whl.metadata (8.5 kB)
Collecting pytz<2027,>=2021.1 (from prefect<4,>=3.1)
  Downloading pytz-2026.1.post1-py2.py3-none-any.whl.metadata (22 kB)
Collecting pyyaml<7.0.0,>=5.4.1 (from prefect<4,>=3.1)
  Downloading pyyaml-6.0.3-cp312-cp312-manylinux2014_aarch64.manylinux_2_17_aarch64.manylinux_2_28_aarch64.whl.metadata (2.4 kB)
Collecting readchar<5.0.0,>=4.0.0 (from prefect<4,>=3.1)
  Downloading readchar-4.2.2-py3-none-any.whl.metadata (7.5 kB)
Collecting rfc3339-validator<0.2.0,>=0.1.4 (from prefect<4,>=3.1)
  Downloading rfc3339_validator-0.1.4-py2.py3-none-any.whl.metadata (1.5 kB)
Collecting rich<16.0,>=11.0 (from prefect<4,>=3.1)
  Downloading rich-15.0.0-py3-none-any.whl.metadata (18 kB)
Requirement already satisfied: ruamel-yaml-clib>=0.2.8 in /opt/conda/lib/python3.12/site-packages (from prefect<4,>=3.1) (0.2.15)
Requirement already satisfied: ruamel-yaml>=0.17.0 in /opt/conda/lib/python3.12/site-packages (from prefect<4,>=3.1) (0.18.17)
Collecting semver>=3.0.4 (from prefect<4,>=3.1)
  Downloading semver-3.0.4-py3-none-any.whl.metadata (6.8 kB)
Collecting sniffio<2.0.0,>=1.3.0 (from prefect<4,>=3.1)
  Downloading sniffio-1.3.1-py3-none-any.whl.metadata (3.9 kB)
Collecting sqlalchemy<3.0.0,>=2.0 (from sqlalchemy[asyncio]<3.0.0,>=2.0->prefect<4,>=3.1)
  Downloading sqlalchemy-2.0.49-cp312-cp312-manylinux2014_aarch64.manylinux_2_17_aarch64.manylinux_2_28_aarch64.whl.metadata (9.5 kB)
Collecting toml>=0.10.0 (from prefect<4,>=3.1)
  Downloading toml-0.10.2-py2.py3-none-any.whl.metadata (7.1 kB)
Collecting typing-extensions<5.0.0,>=4.10.0 (from prefect<4,>=3.1)
  Downloading typing_extensions-4.15.0-py3-none-any.whl.metadata (3.3 kB)
Collecting uvicorn!=0.29.0,>=0.14.0 (from prefect<4,>=3.1)
  Downloading uvicorn-0.46.0-py3-none-any.whl.metadata (6.7 kB)
Collecting websockets<17.0,>=15.0.1 (from prefect<4,>=3.1)
  Downloading websockets-16.0-cp312-cp312-manylinux2014_aarch64.manylinux_2_17_aarch64.manylinux_2_28_aarch64.whl.metadata (6.8 kB)
Collecting Mako (from alembic<2.0.0,>=1.7.5->prefect<4,>=3.1)
  Downloading mako-1.3.11-py3-none-any.whl.metadata (2.9 kB)
Requirement already satisfied: idna>=2.8 in /opt/conda/lib/python3.12/site-packages (from anyio<5.0.0,>=4.4.0->prefect<4,>=3.1) (3.11)
Requirement already satisfied: requests in /opt/conda/lib/python3.12/site-packages (from apprise<2.0.0,>=1.1.0->prefect<4,>=3.1) (2.32.5)
Collecting requests-oauthlib (from apprise<2.0.0,>=1.1.0->prefect<4,>=3.1)
  Downloading requests_oauthlib-2.0.0-py2.py3-none-any.whl.metadata (11 kB)
Collecting markdown (from apprise<2.0.0,>=1.1.0->prefect<4,>=3.1)
  Downloading markdown-3.10.2-py3-none-any.whl.metadata (5.1 kB)
Requirement already satisfied: certifi in /opt/conda/lib/python3.12/site-packages (from apprise<2.0.0,>=1.1.0->prefect<4,>=3.1) (2026.2.25)
Collecting regex>=2024.9.11 (from dateparser<2.0.0,>=1.1.1->prefect<4,>=3.1)
  Downloading regex-2026.4.4-cp312-cp312-manylinux2014_aarch64.manylinux_2_17_aarch64.manylinux_2_28_aarch64.whl.metadata (40 kB)
Collecting tzlocal>=0.2 (from dateparser<2.0.0,>=1.1.1->prefect<4,>=3.1)
  Downloading tzlocal-5.3.1-py3-none-any.whl.metadata (7.6 kB)
Requirement already satisfied: urllib3>=1.26.0 in /opt/conda/lib/python3.12/site-packages (from docker<8.0,>=4.0->prefect<4,>=3.1) (2.5.0)
Collecting starlette>=0.46.0 (from fastapi<1.0.0,>=0.111.0->prefect<4,>=3.1)
  Downloading starlette-1.0.0-py3-none-any.whl.metadata (6.3 kB)
Collecting typing-inspection>=0.4.2 (from fastapi<1.0.0,>=0.111.0->prefect<4,>=3.1)
  Downloading typing_inspection-0.4.2-py3-none-any.whl.metadata (2.6 kB)
Collecting annotated-doc>=0.0.2 (from fastapi<1.0.0,>=0.111.0->prefect<4,>=3.1)
  Downloading annotated_doc-0.0.4-py3-none-any.whl.metadata (6.6 kB)
Collecting griffecli==2.0.2 (from griffe<3.0.0,>=0.49.0->prefect<4,>=3.1)
  Downloading griffecli-2.0.2-py3-none-any.whl.metadata (1.2 kB)
Collecting griffelib==2.0.2 (from griffe<3.0.0,>=0.49.0->prefect<4,>=3.1)
  Downloading griffelib-2.0.2-py3-none-any.whl.metadata (1.3 kB)
Collecting colorama>=0.4 (from griffecli==2.0.2->griffe<3.0.0,>=0.49.0->prefect<4,>=3.1)
  Downloading colorama-0.4.6-py2.py3-none-any.whl.metadata (17 kB)
Collecting h11>=0.16 (from httpcore<2.0.0,>=1.0.5->prefect<4,>=3.1)
  Downloading h11-0.16.0-py3-none-any.whl.metadata (8.3 kB)
Collecting MarkupSafe>=2.0 (from jinja2<4.0.0,>=3.1.6->prefect<4,>=3.1)
  Downloading markupsafe-3.0.3-cp312-cp312-manylinux2014_aarch64.manylinux_2_17_aarch64.manylinux_2_28_aarch64.whl.metadata (2.7 kB)
Requirement already satisfied: jsonpointer>=1.9 in /opt/conda/lib/python3.12/site-packages (from jsonpatch<2.0,>=1.32->prefect<4,>=3.1) (3.0.0)
Collecting attrs>=22.2.0 (from jsonschema<5.0.0,>=4.18.0->prefect<4,>=3.1)
  Downloading attrs-26.1.0-py3-none-any.whl.metadata (8.8 kB)
Collecting jsonschema-specifications>=2023.03.6 (from jsonschema<5.0.0,>=4.18.0->prefect<4,>=3.1)
  Downloading jsonschema_specifications-2025.9.1-py3-none-any.whl.metadata (2.9 kB)
Collecting referencing>=0.28.4 (from jsonschema<5.0.0,>=4.18.0->prefect<4,>=3.1)
  Downloading referencing-0.37.0-py3-none-any.whl.metadata (2.8 kB)
Collecting rpds-py>=0.25.0 (from jsonschema<5.0.0,>=4.18.0->prefect<4,>=3.1)
  Downloading rpds_py-0.30.0-cp312-cp312-manylinux_2_17_aarch64.manylinux2014_aarch64.whl.metadata (4.1 kB)
Collecting importlib-metadata<8.8.0,>=6.0 (from opentelemetry-api<2.0.0,>=1.27.0->prefect<4,>=3.1)
  Downloading importlib_metadata-8.7.1-py3-none-any.whl.metadata (4.7 kB)
Collecting zipp>=3.20 (from importlib-metadata<8.8.0,>=6.0->opentelemetry-api<2.0.0,>=1.27.0->prefect<4,>=3.1)
  Downloading zipp-3.23.1-py3-none-any.whl.metadata (3.6 kB)
Collecting tzdata>=2020.1 (from pendulum<4,>=3.1.0->prefect<4,>=3.1)
  Downloading tzdata-2026.2-py2.py3-none-any.whl.metadata (1.4 kB)
Collecting annotated-types>=0.6.0 (from pydantic!=2.11.0,!=2.11.1,!=2.11.2,!=2.11.3,!=2.11.4,<3.0.0,>=2.10.1->prefect<4,>=3.1)
  Downloading annotated_types-0.7.0-py3-none-any.whl.metadata (15 kB)
Collecting python-dotenv>=0.21.0 (from pydantic-settings!=2.9.0,<3.0.0,>2.2.1->prefect<4,>=3.1)
  Downloading python_dotenv-1.2.2-py3-none-any.whl.metadata (27 kB)
Collecting six>=1.5 (from python-dateutil<3.0.0,>=2.8.2->prefect<4,>=3.1)
  Downloading six-1.17.0-py2.py3-none-any.whl.metadata (1.7 kB)
Collecting text-unidecode>=1.3 (from python-slugify<9.0,>=5.0->prefect<4,>=3.1)
  Downloading text_unidecode-1.3-py2.py3-none-any.whl.metadata (2.4 kB)
Collecting markdown-it-py>=2.2.0 (from rich<16.0,>=11.0->prefect<4,>=3.1)
  Downloading markdown_it_py-4.0.0-py3-none-any.whl.metadata (7.3 kB)
Collecting pygments<3.0.0,>=2.13.0 (from rich<16.0,>=11.0->prefect<4,>=3.1)
  Downloading pygments-2.20.0-py3-none-any.whl.metadata (2.5 kB)
Collecting greenlet>=1 (from sqlalchemy<3.0.0,>=2.0->sqlalchemy[asyncio]<3.0.0,>=2.0->prefect<4,>=3.1)
  Downloading greenlet-3.4.0-cp312-cp312-manylinux_2_24_aarch64.manylinux_2_28_aarch64.whl.metadata (3.7 kB)
Collecting kubernetes-asyncio>=32.0.0 (from prefect-kubernetes>=0.5)
  Downloading kubernetes_asyncio-35.0.1-py3-none-any.whl.metadata (5.9 kB)
Collecting tenacity>=8.2.3 (from prefect-kubernetes>=0.5)
  Downloading tenacity-9.1.4-py3-none-any.whl.metadata (1.2 kB)
Collecting pyopenssl>=24.1.0 (from prefect-kubernetes>=0.5)
  Downloading pyopenssl-26.1.0-py3-none-any.whl.metadata (19 kB)
Collecting kopf>=1.37.4 (from prefect-kubernetes>=0.5)
  Downloading kopf-1.44.5-py3-none-any.whl.metadata (10 kB)
Collecting python-json-logger>=3.3.0 (from prefect-kubernetes>=0.5)
  Downloading python_json_logger-4.1.0-py3-none-any.whl.metadata (3.7 kB)
Requirement already satisfied: cffi>=2.0.0 in /opt/conda/lib/python3.12/site-packages (from cryptography>=36.0.1->prefect<4,>=3.1) (2.0.0)
Requirement already satisfied: pycparser in /opt/conda/lib/python3.12/site-packages (from cffi>=2.0.0->cryptography>=36.0.1->prefect<4,>=3.1) (2.22)
Collecting docstring-parser<4.0,>=0.15 (from cyclopts>=4.8.0->prefect<4,>=3.1)
  Downloading docstring_parser-0.18.0-py3-none-any.whl.metadata (3.5 kB)
Collecting rich-rst<2.0.0,>=1.3.1 (from cyclopts>=4.8.0->prefect<4,>=3.1)
  Downloading rich_rst-1.3.2-py3-none-any.whl.metadata (6.1 kB)
Collecting docutils (from rich-rst<2.0.0,>=1.3.1->cyclopts>=4.8.0->prefect<4,>=3.1)
  Downloading docutils-0.22.4-py3-none-any.whl.metadata (15 kB)
Requirement already satisfied: h2<5,>=3 in /opt/conda/lib/python3.12/site-packages (from httpx[http2]!=0.23.2,>=0.23->prefect<4,>=3.1) (4.3.0)
Requirement already satisfied: hyperframe<7,>=6.1 in /opt/conda/lib/python3.12/site-packages (from h2<5,>=3->httpx[http2]!=0.23.2,>=0.23->prefect<4,>=3.1) (6.1.0)
Requirement already satisfied: hpack<5,>=4.1 in /opt/conda/lib/python3.12/site-packages (from h2<5,>=3->httpx[http2]!=0.23.2,>=0.23->prefect<4,>=3.1) (4.1.0)
Collecting iso8601 (from kopf>=1.37.4->prefect-kubernetes>=0.5)
  Downloading iso8601-2.1.0-py3-none-any.whl.metadata (3.7 kB)
Collecting aiohttp>=3.11.0 (from kopf>=1.37.4->prefect-kubernetes>=0.5)
  Downloading aiohttp-3.13.5-cp312-cp312-manylinux2014_aarch64.manylinux_2_17_aarch64.manylinux_2_28_aarch64.whl.metadata (8.1 kB)
Collecting aiohappyeyeballs>=2.5.0 (from aiohttp>=3.11.0->kopf>=1.37.4->prefect-kubernetes>=0.5)
  Downloading aiohappyeyeballs-2.6.1-py3-none-any.whl.metadata (5.9 kB)
Collecting aiosignal>=1.4.0 (from aiohttp>=3.11.0->kopf>=1.37.4->prefect-kubernetes>=0.5)
  Downloading aiosignal-1.4.0-py3-none-any.whl.metadata (3.7 kB)
Collecting frozenlist>=1.1.1 (from aiohttp>=3.11.0->kopf>=1.37.4->prefect-kubernetes>=0.5)
  Downloading frozenlist-1.8.0-cp312-cp312-manylinux2014_aarch64.manylinux_2_17_aarch64.manylinux_2_28_aarch64.whl.metadata (20 kB)
Collecting multidict<7.0,>=4.5 (from aiohttp>=3.11.0->kopf>=1.37.4->prefect-kubernetes>=0.5)
  Downloading multidict-6.7.1-cp312-cp312-manylinux2014_aarch64.manylinux_2_17_aarch64.manylinux_2_28_aarch64.whl.metadata (5.3 kB)
Collecting propcache>=0.2.0 (from aiohttp>=3.11.0->kopf>=1.37.4->prefect-kubernetes>=0.5)
  Downloading propcache-0.4.1-cp312-cp312-manylinux2014_aarch64.manylinux_2_17_aarch64.manylinux_2_28_aarch64.whl.metadata (13 kB)
Collecting yarl<2.0,>=1.17.0 (from aiohttp>=3.11.0->kopf>=1.37.4->prefect-kubernetes>=0.5)
  Downloading yarl-1.23.0-cp312-cp312-manylinux2014_aarch64.manylinux_2_17_aarch64.manylinux_2_28_aarch64.whl.metadata (79 kB)
Collecting mdurl~=0.1 (from markdown-it-py>=2.2.0->rich<16.0,>=11.0->prefect<4,>=3.1)
  Downloading mdurl-0.1.2-py3-none-any.whl.metadata (1.6 kB)
Collecting cronsim>=2.6 (from pydocket>=0.19.0->prefect<4,>=3.1)
  Downloading cronsim-2.7-py3-none-any.whl.metadata (6.9 kB)
Collecting fakeredis>=2.35.0 (from fakeredis[lua]>=2.35.0->pydocket>=0.19.0->prefect<4,>=3.1)
  Downloading fakeredis-2.35.1-py3-none-any.whl.metadata (4.6 kB)
Collecting py-key-value-aio>=0.3.0 (from py-key-value-aio[memory,redis]>=0.3.0->pydocket>=0.19.0->prefect<4,>=3.1)
  Downloading py_key_value_aio-0.4.4-py3-none-any.whl.metadata (15 kB)
Collecting redis>=5 (from pydocket>=0.19.0->prefect<4,>=3.1)
  Downloading redis-7.4.0-py3-none-any.whl.metadata (12 kB)
Collecting typer>=0.15.1 (from pydocket>=0.19.0->prefect<4,>=3.1)
  Downloading typer-0.24.2-py3-none-any.whl.metadata (15 kB)
Collecting uncalled-for>=0.2.0 (from pydocket>=0.19.0->prefect<4,>=3.1)
  Downloading uncalled_for-0.3.1-py3-none-any.whl.metadata (2.9 kB)
Collecting sortedcontainers>=2 (from fakeredis>=2.35.0->fakeredis[lua]>=2.35.0->pydocket>=0.19.0->prefect<4,>=3.1)
  Downloading sortedcontainers-2.4.0-py2.py3-none-any.whl.metadata (10 kB)
Collecting lupa>=2.1 (from fakeredis[lua]>=2.35.0->pydocket>=0.19.0->prefect<4,>=3.1)
  Downloading lupa-2.8-cp312-cp312-manylinux2014_aarch64.manylinux_2_17_aarch64.manylinux_2_28_aarch64.whl.metadata (60 kB)
Collecting beartype>=0.20.0 (from py-key-value-aio>=0.3.0->py-key-value-aio[memory,redis]>=0.3.0->pydocket>=0.19.0->prefect<4,>=3.1)
  Downloading beartype-0.22.9-py3-none-any.whl.metadata (37 kB)
Requirement already satisfied: charset_normalizer<4,>=2 in /opt/conda/lib/python3.12/site-packages (from requests->apprise<2.0.0,>=1.1.0->prefect<4,>=3.1) (3.4.6)
Collecting shellingham>=1.3.0 (from typer>=0.15.1->pydocket>=0.19.0->prefect<4,>=3.1)
  Downloading shellingham-1.5.4-py2.py3-none-any.whl.metadata (3.5 kB)
Collecting oauthlib>=3.0.0 (from requests-oauthlib->apprise<2.0.0,>=1.1.0->prefect<4,>=3.1)
  Downloading oauthlib-3.3.1-py3-none-any.whl.metadata (7.9 kB)
Downloading prefect-3.6.28-py3-none-any.whl (12.0 MB)
   ━━━━━━━━━━━━━━━━━━━━━━━━━━━━━━━━━━━━━━━━ 12.0/12.0 MB 6.2 MB/s  0:00:01
Downloading aiosqlite-0.22.1-py3-none-any.whl (17 kB)
Downloading alembic-1.18.4-py3-none-any.whl (263 kB)
Downloading amplitude_analytics-1.2.3-py3-none-any.whl (24 kB)
Downloading anyio-4.13.0-py3-none-any.whl (114 kB)
Downloading apprise-1.9.9-py3-none-any.whl (1.5 MB)
   ━━━━━━━━━━━━━━━━━━━━━━━━━━━━━━━━━━━━━━━━ 1.5/1.5 MB 9.3 MB/s  0:00:00
Downloading asgi_lifespan-2.1.0-py3-none-any.whl (10 kB)
Downloading asyncpg-0.31.0-cp312-cp312-manylinux_2_28_aarch64.whl (3.4 MB)
   ━━━━━━━━━━━━━━━━━━━━━━━━━━━━━━━━━━━━━━━━ 3.4/3.4 MB 6.2 MB/s  0:00:00
Downloading cachetools-7.0.6-py3-none-any.whl (13 kB)
Downloading click-8.3.3-py3-none-any.whl (110 kB)
Downloading cloudpickle-3.1.2-py3-none-any.whl (22 kB)
Downloading coolname-4.2.0-py3-none-any.whl (40 kB)
Downloading dateparser-1.4.0-py3-none-any.whl (300 kB)
Downloading docker-7.1.0-py3-none-any.whl (147 kB)
Downloading fastapi-0.136.1-py3-none-any.whl (117 kB)
Downloading griffe-2.0.2-py3-none-any.whl (5.1 kB)
Downloading griffecli-2.0.2-py3-none-any.whl (9.5 kB)
Downloading griffelib-2.0.2-py3-none-any.whl (142 kB)
Downloading httpcore-1.0.9-py3-none-any.whl (78 kB)
Downloading humanize-4.15.0-py3-none-any.whl (132 kB)
Downloading jinja2-3.1.6-py3-none-any.whl (134 kB)
Downloading jsonschema-4.26.0-py3-none-any.whl (90 kB)
Downloading opentelemetry_api-1.41.1-py3-none-any.whl (69 kB)
Downloading importlib_metadata-8.7.1-py3-none-any.whl (27 kB)
Downloading orjson-3.11.8-cp312-cp312-manylinux_2_17_aarch64.manylinux2014_aarch64.whl (131 kB)
Downloading pendulum-3.2.0-cp312-cp312-manylinux_2_17_aarch64.manylinux2014_aarch64.whl (339 kB)
Downloading pydantic-2.13.3-py3-none-any.whl (471 kB)
Downloading pydantic_core-2.46.3-cp312-cp312-manylinux_2_17_aarch64.manylinux2014_aarch64.whl (2.0 MB)
   ━━━━━━━━━━━━━━━━━━━━━━━━━━━━━━━━━━━━━━━━ 2.0/2.0 MB 4.9 MB/s  0:00:00
Downloading pydantic_extra_types-2.11.1-py3-none-any.whl (79 kB)
Downloading pydantic_settings-2.14.0-py3-none-any.whl (60 kB)
Downloading python_dateutil-2.9.0.post0-py2.py3-none-any.whl (229 kB)
Downloading python_slugify-8.0.4-py2.py3-none-any.whl (10 kB)
Downloading pytz-2026.1.post1-py2.py3-none-any.whl (510 kB)
Downloading pyyaml-6.0.3-cp312-cp312-manylinux2014_aarch64.manylinux_2_17_aarch64.manylinux_2_28_aarch64.whl (775 kB)
   ━━━━━━━━━━━━━━━━━━━━━━━━━━━━━━━━━━━━━━━━ 775.1/775.1 kB 5.9 MB/s  0:00:00
Downloading readchar-4.2.2-py3-none-any.whl (9.4 kB)
Downloading rfc3339_validator-0.1.4-py2.py3-none-any.whl (3.5 kB)
Downloading rich-15.0.0-py3-none-any.whl (310 kB)
Downloading pygments-2.20.0-py3-none-any.whl (1.2 MB)
   ━━━━━━━━━━━━━━━━━━━━━━━━━━━━━━━━━━━━━━━━ 1.2/1.2 MB 5.1 MB/s  0:00:00
Downloading sniffio-1.3.1-py3-none-any.whl (10 kB)
Downloading sqlalchemy-2.0.49-cp312-cp312-manylinux2014_aarch64.manylinux_2_17_aarch64.manylinux_2_28_aarch64.whl (3.3 MB)
   ━━━━━━━━━━━━━━━━━━━━━━━━━━━━━━━━━━━━━━━━ 3.3/3.3 MB 6.4 MB/s  0:00:00
Downloading typing_extensions-4.15.0-py3-none-any.whl (44 kB)
Downloading websockets-16.0-cp312-cp312-manylinux2014_aarch64.manylinux_2_17_aarch64.manylinux_2_28_aarch64.whl (186 kB)
Downloading prefect_kubernetes-0.7.8-py3-none-any.whl (49 kB)
Downloading annotated_doc-0.0.4-py3-none-any.whl (5.3 kB)
Downloading annotated_types-0.7.0-py3-none-any.whl (13 kB)
Downloading attrs-26.1.0-py3-none-any.whl (67 kB)
Downloading colorama-0.4.6-py2.py3-none-any.whl (25 kB)
Downloading cryptography-47.0.0-cp311-abi3-manylinux_2_34_aarch64.whl (4.7 MB)
   ━━━━━━━━━━━━━━━━━━━━━━━━━━━━━━━━━━━━━━━━ 4.7/4.7 MB 6.0 MB/s  0:00:00
Downloading cyclopts-4.11.0-py3-none-any.whl (208 kB)
Downloading docstring_parser-0.18.0-py3-none-any.whl (22 kB)
Downloading rich_rst-1.3.2-py3-none-any.whl (12 kB)
Downloading exceptiongroup-1.3.1-py3-none-any.whl (16 kB)
Downloading fsspec-2026.3.0-py3-none-any.whl (202 kB)
Downloading graphviz-0.21-py3-none-any.whl (47 kB)
Downloading greenlet-3.4.0-cp312-cp312-manylinux_2_24_aarch64.manylinux_2_28_aarch64.whl (606 kB)
   ━━━━━━━━━━━━━━━━━━━━━━━━━━━━━━━━━━━━━━━━ 606.1/606.1 kB 6.5 MB/s  0:00:00
Downloading h11-0.16.0-py3-none-any.whl (37 kB)
Downloading httpx-0.28.1-py3-none-any.whl (73 kB)
Downloading jinja2_humanize_extension-0.4.0-py3-none-any.whl (4.8 kB)
Downloading jsonschema_specifications-2025.9.1-py3-none-any.whl (18 kB)
Downloading kopf-1.44.5-py3-none-any.whl (222 kB)
Downloading aiohttp-3.13.5-cp312-cp312-manylinux2014_aarch64.manylinux_2_17_aarch64.manylinux_2_28_aarch64.whl (1.7 MB)
   ━━━━━━━━━━━━━━━━━━━━━━━━━━━━━━━━━━━━━━━━ 1.7/1.7 MB 7.3 MB/s  0:00:00
Downloading multidict-6.7.1-cp312-cp312-manylinux2014_aarch64.manylinux_2_17_aarch64.manylinux_2_28_aarch64.whl (258 kB)
Downloading yarl-1.23.0-cp312-cp312-manylinux2014_aarch64.manylinux_2_17_aarch64.manylinux_2_28_aarch64.whl (97 kB)
Downloading aiohappyeyeballs-2.6.1-py3-none-any.whl (15 kB)
Downloading aiosignal-1.4.0-py3-none-any.whl (7.5 kB)
Downloading frozenlist-1.8.0-cp312-cp312-manylinux2014_aarch64.manylinux_2_17_aarch64.manylinux_2_28_aarch64.whl (243 kB)
Downloading kubernetes_asyncio-35.0.1-py3-none-any.whl (2.9 MB)
   ━━━━━━━━━━━━━━━━━━━━━━━━━━━━━━━━━━━━━━━━ 2.9/2.9 MB 5.1 MB/s  0:00:00
Downloading markdown_it_py-4.0.0-py3-none-any.whl (87 kB)
Downloading mdurl-0.1.2-py3-none-any.whl (10.0 kB)
Downloading markupsafe-3.0.3-cp312-cp312-manylinux2014_aarch64.manylinux_2_17_aarch64.manylinux_2_28_aarch64.whl (24 kB)
Downloading pathspec-1.1.0-py3-none-any.whl (56 kB)
Downloading prometheus_client-0.25.0-py3-none-any.whl (64 kB)
Downloading propcache-0.4.1-cp312-cp312-manylinux2014_aarch64.manylinux_2_17_aarch64.manylinux_2_28_aarch64.whl (225 kB)
Downloading pydocket-0.19.2-py3-none-any.whl (101 kB)
Downloading cronsim-2.7-py3-none-any.whl (14 kB)
Downloading fakeredis-2.35.1-py3-none-any.whl (129 kB)
Downloading lupa-2.8-cp312-cp312-manylinux2014_aarch64.manylinux_2_17_aarch64.manylinux_2_28_aarch64.whl (1.8 MB)
   ━━━━━━━━━━━━━━━━━━━━━━━━━━━━━━━━━━━━━━━━ 1.8/1.8 MB 4.3 MB/s  0:00:00
Downloading py_key_value_aio-0.4.4-py3-none-any.whl (152 kB)
Downloading beartype-0.22.9-py3-none-any.whl (1.3 MB)
   ━━━━━━━━━━━━━━━━━━━━━━━━━━━━━━━━━━━━━━━━ 1.3/1.3 MB 4.5 MB/s  0:00:00
Downloading pyopenssl-26.1.0-py3-none-any.whl (58 kB)
Downloading python_dotenv-1.2.2-py3-none-any.whl (22 kB)
Downloading python_json_logger-4.1.0-py3-none-any.whl (15 kB)
Downloading redis-7.4.0-py3-none-any.whl (409 kB)
Downloading referencing-0.37.0-py3-none-any.whl (26 kB)
Downloading regex-2026.4.4-cp312-cp312-manylinux2014_aarch64.manylinux_2_17_aarch64.manylinux_2_28_aarch64.whl (796 kB)
   ━━━━━━━━━━━━━━━━━━━━━━━━━━━━━━━━━━━━━━━━ 796.7/796.7 kB 2.7 MB/s  0:00:00
Downloading rpds_py-0.30.0-cp312-cp312-manylinux_2_17_aarch64.manylinux2014_aarch64.whl (390 kB)
Downloading semver-3.0.4-py3-none-any.whl (17 kB)
Downloading six-1.17.0-py2.py3-none-any.whl (11 kB)
Downloading sortedcontainers-2.4.0-py2.py3-none-any.whl (29 kB)
Downloading starlette-1.0.0-py3-none-any.whl (72 kB)
Downloading tenacity-9.1.4-py3-none-any.whl (28 kB)
Downloading text_unidecode-1.3-py2.py3-none-any.whl (78 kB)
Downloading toml-0.10.2-py2.py3-none-any.whl (16 kB)
Downloading typer-0.24.2-py3-none-any.whl (55 kB)
Downloading shellingham-1.5.4-py2.py3-none-any.whl (9.8 kB)
Downloading typing_inspection-0.4.2-py3-none-any.whl (14 kB)
Downloading tzdata-2026.2-py2.py3-none-any.whl (349 kB)
Downloading tzlocal-5.3.1-py3-none-any.whl (18 kB)
Downloading uncalled_for-0.3.1-py3-none-any.whl (11 kB)
Downloading uvicorn-0.46.0-py3-none-any.whl (70 kB)
Downloading zipp-3.23.1-py3-none-any.whl (10 kB)
Downloading docutils-0.22.4-py3-none-any.whl (633 kB)
   ━━━━━━━━━━━━━━━━━━━━━━━━━━━━━━━━━━━━━━━━ 633.2/633.2 kB 4.2 MB/s  0:00:00
Downloading iso8601-2.1.0-py3-none-any.whl (7.5 kB)
Downloading mako-1.3.11-py3-none-any.whl (78 kB)
Downloading markdown-3.10.2-py3-none-any.whl (108 kB)
Downloading requests_oauthlib-2.0.0-py2.py3-none-any.whl (24 kB)
Downloading oauthlib-3.3.1-py3-none-any.whl (160 kB)
Installing collected packages: text-unidecode, sortedcontainers, pytz, zipp, websockets, uncalled-for, tzlocal, tzdata, typing-extensions, toml, tenacity, sniffio, six, shellingham, semver, rpds-py, regex, redis, readchar, pyyaml, python-slugify, python-json-logger, python-dotenv, pygments, propcache, prometheus-client, pathspec, orjson, oauthlib, multidict, mdurl, MarkupSafe, markdown, lupa, iso8601, humanize, h11, griffelib, greenlet, graphviz, fsspec, frozenlist, docutils, docstring-parser, cronsim, coolname, colorama, cloudpickle, click, cachetools, beartype, attrs, asyncpg, annotated-types, annotated-doc, amplitude-analytics, aiosqlite, aiohappyeyeballs, yarl, uvicorn, typing-inspection, sqlalchemy, rfc3339-validator, requests-oauthlib, referencing, python-dateutil, pydantic-core, py-key-value-aio, markdown-it-py, Mako, jinja2, importlib-metadata, httpcore, griffecli, fakeredis, exceptiongroup, docker, cryptography, asgi-lifespan, anyio, aiosignal, starlette, rich, pyopenssl, pydantic, pendulum, opentelemetry-api, jsonschema-specifications, jinja2-humanize-extension, httpx, griffe, dateparser, apprise, alembic, aiohttp, typer, rich-rst, pydantic-settings, pydantic-extra-types, kubernetes-asyncio, kopf, jsonschema, fastapi, pydocket, cyclopts, prefect, prefect-kubernetes

Successfully installed Mako-1.3.11 MarkupSafe-3.0.3 aiohappyeyeballs-2.6.1 aiohttp-3.13.5 aiosignal-1.4.0 aiosqlite-0.22.1 alembic-1.18.4 amplitude-analytics-1.2.3 annotated-doc-0.0.4 annotated-types-0.7.0 anyio-4.13.0 apprise-1.9.9 asgi-lifespan-2.1.0 asyncpg-0.31.0 attrs-26.1.0 beartype-0.22.9 cachetools-7.0.6 click-8.3.3 cloudpickle-3.1.2 colorama-0.4.6 coolname-4.2.0 cronsim-2.7 cryptography-47.0.0 cyclopts-4.11.0 dateparser-1.4.0 docker-7.1.0 docstring-parser-0.18.0 docutils-0.22.4 exceptiongroup-1.3.1 fakeredis-2.35.1 fastapi-0.136.1 frozenlist-1.8.0 fsspec-2026.3.0 graphviz-0.21 greenlet-3.4.0 griffe-2.0.2 griffecli-2.0.2 griffelib-2.0.2 h11-0.16.0 httpcore-1.0.9 httpx-0.28.1 humanize-4.15.0 importlib-metadata-8.7.1 iso8601-2.1.0 jinja2-3.1.6 jinja2-humanize-extension-0.4.0 jsonschema-4.26.0 jsonschema-specifications-2025.9.1 kopf-1.44.5 kubernetes-asyncio-35.0.1 lupa-2.8 markdown-3.10.2 markdown-it-py-4.0.0 mdurl-0.1.2 multidict-6.7.1 oauthlib-3.3.1 opentelemetry-api-1.41.1 orjson-3.11.8 pathspec-1.1.0 pendulum-3.2.0 prefect-3.6.28 prefect-kubernetes-0.7.8 prometheus-client-0.25.0 propcache-0.4.1 py-key-value-aio-0.4.4 pydantic-2.13.3 pydantic-core-2.46.3 pydantic-extra-types-2.11.1 pydantic-settings-2.14.0 pydocket-0.19.2 pygments-2.20.0 pyopenssl-26.1.0 python-dateutil-2.9.0.post0 python-dotenv-1.2.2 python-json-logger-4.1.0 python-slugify-8.0.4 pytz-2026.1.post1 pyyaml-6.0.3 readchar-4.2.2 redis-7.4.0 referencing-0.37.0 regex-2026.4.4 requests-oauthlib-2.0.0 rfc3339-validator-0.1.4 rich-15.0.0 rich-rst-1.3.2 rpds-py-0.30.0 semver-3.0.4 shellingham-1.5.4 six-1.17.0 sniffio-1.3.1 sortedcontainers-2.4.0 sqlalchemy-2.0.49 starlette-1.0.0 tenacity-9.1.4 text-unidecode-1.3 toml-0.10.2 typer-0.24.2 typing-extensions-4.15.0 typing-inspection-0.4.2 tzdata-2026.2 tzlocal-5.3.1 uncalled-for-0.3.1 uvicorn-0.46.0 websockets-16.0 yarl-1.23.0 zipp-3.23.1
[91mWARNING: Running pip as the 'root' user can result in broken permissions and conflicting behaviour with the system package manager, possibly rendering your system unusable. It is recommended to use a virtual environment instead: https://pip.pypa.io/warnings/venv. Use the --root-user-action option if you know what you are doing and want to suppress this warning.
[0mObtaining file:///app
  Installing build dependencies: started
  Installing build dependencies: finished with status 'done'
  Checking if build backend supports build_editable: started
  Checking if build backend supports build_editable: finished with status 'done'
  Getting requirements to build editable: started
  Getting requirements to build editable: finished with status 'done'
  Installing backend dependencies: started
  Installing backend dependencies: finished with status 'done'
  Preparing editable metadata (pyproject.toml): started
  Preparing editable metadata (pyproject.toml): finished with status 'done'
Collecting boto3>=1.35 (from dashi-ingest==0.1.0)
  Downloading boto3-1.42.96-py3-none-any.whl.metadata (6.7 kB)
Collecting geopandas>=1.0 (from dashi-ingest==0.1.0)
  Downloading geopandas-1.1.3-py3-none-any.whl.metadata (2.3 kB)
Collecting h3>=4.1 (from dashi-ingest==0.1.0)
  Downloading h3-4.4.2-cp312-cp312-manylinux2014_aarch64.manylinux_2_17_aarch64.manylinux_2_28_aarch64.whl.metadata (18 kB)
Collecting laspy>=2.5 (from laspy[lazrs]>=2.5->dashi-ingest==0.1.0)
  Downloading laspy-2.7.0-py3-none-any.whl.metadata (3.4 kB)
Collecting pyarrow>=15 (from dashi-ingest==0.1.0)
  Downloading pyarrow-24.0.0-cp312-cp312-manylinux_2_28_aarch64.whl.metadata (3.0 kB)
Requirement already satisfied: pydantic>=2.7 in /opt/conda/lib/python3.12/site-packages (from dashi-ingest==0.1.0) (2.13.3)
Collecting pyogrio>=0.9 (from dashi-ingest==0.1.0)
  Downloading pyogrio-0.12.1-cp312-cp312-manylinux_2_28_aarch64.whl.metadata (5.9 kB)
Collecting pystac>=1.10 (from dashi-ingest==0.1.0)
  Downloading pystac-1.14.3-py3-none-any.whl.metadata (4.7 kB)
Collecting rasterio>=1.4 (from dashi-ingest==0.1.0)
  Downloading rasterio-1.5.0-cp312-cp312-manylinux_2_28_aarch64.whl.metadata (8.6 kB)
Requirement already satisfied: requests>=2.32 in /opt/conda/lib/python3.12/site-packages (from dashi-ingest==0.1.0) (2.32.5)
Requirement already satisfied: rich>=13.7 in /opt/conda/lib/python3.12/site-packages (from dashi-ingest==0.1.0) (15.0.0)
Collecting shapely>=2.0 (from dashi-ingest==0.1.0)
  Downloading shapely-2.1.2-cp312-cp312-manylinux2014_aarch64.manylinux_2_17_aarch64.whl.metadata (6.8 kB)
Requirement already satisfied: typer>=0.12 in /opt/conda/lib/python3.12/site-packages (from dashi-ingest==0.1.0) (0.24.2)
Collecting botocore<1.43.0,>=1.42.96 (from boto3>=1.35->dashi-ingest==0.1.0)
  Downloading botocore-1.42.96-py3-none-any.whl.metadata (5.9 kB)
Collecting jmespath<2.0.0,>=0.7.1 (from boto3>=1.35->dashi-ingest==0.1.0)
  Downloading jmespath-1.1.0-py3-none-any.whl.metadata (7.6 kB)
Collecting s3transfer<0.17.0,>=0.16.0 (from boto3>=1.35->dashi-ingest==0.1.0)
  Downloading s3transfer-0.16.1-py3-none-any.whl.metadata (1.7 kB)
Requirement already satisfied: python-dateutil<3.0.0,>=2.1 in /opt/conda/lib/python3.12/site-packages (from botocore<1.43.0,>=1.42.96->boto3>=1.35->dashi-ingest==0.1.0) (2.9.0.post0)
Requirement already satisfied: urllib3!=2.2.0,<3,>=1.25.4 in /opt/conda/lib/python3.12/site-packages (from botocore<1.43.0,>=1.42.96->boto3>=1.35->dashi-ingest==0.1.0) (2.5.0)
Requirement already satisfied: six>=1.5 in /opt/conda/lib/python3.12/site-packages (from python-dateutil<3.0.0,>=2.1->botocore<1.43.0,>=1.42.96->boto3>=1.35->dashi-ingest==0.1.0) (1.17.0)
Requirement already satisfied: numpy>=1.24 in /opt/conda/lib/python3.12/site-packages (from geopandas>=1.0->dashi-ingest==0.1.0) (2.4.3)
Requirement already satisfied: packaging in /opt/conda/lib/python3.12/site-packages (from geopandas>=1.0->dashi-ingest==0.1.0) (26.0)
Collecting pandas>=2.0.0 (from geopandas>=1.0->dashi-ingest==0.1.0)
  Downloading pandas-3.0.2-cp312-cp312-manylinux_2_24_aarch64.manylinux_2_28_aarch64.whl.metadata (79 kB)
Collecting pyproj>=3.5.0 (from geopandas>=1.0->dashi-ingest==0.1.0)
  Downloading pyproj-3.7.2-cp312-cp312-manylinux_2_28_aarch64.whl.metadata (31 kB)
Collecting lazrs<0.9.0,>=0.8.0 (from laspy[lazrs]>=2.5->dashi-ingest==0.1.0)
  Downloading lazrs-0.8.1-cp312-cp312-manylinux_2_17_aarch64.manylinux2014_aarch64.whl.metadata (75 bytes)
Requirement already satisfied: annotated-types>=0.6.0 in /opt/conda/lib/python3.12/site-packages (from pydantic>=2.7->dashi-ingest==0.1.0) (0.7.0)
Requirement already satisfied: pydantic-core==2.46.3 in /opt/conda/lib/python3.12/site-packages (from pydantic>=2.7->dashi-ingest==0.1.0) (2.46.3)
Requirement already satisfied: typing-extensions>=4.14.1 in /opt/conda/lib/python3.12/site-packages (from pydantic>=2.7->dashi-ingest==0.1.0) (4.15.0)
Requirement already satisfied: typing-inspection>=0.4.2 in /opt/conda/lib/python3.12/site-packages (from pydantic>=2.7->dashi-ingest==0.1.0) (0.4.2)
Requirement already satisfied: certifi in /opt/conda/lib/python3.12/site-packages (from pyogrio>=0.9->dashi-ingest==0.1.0) (2026.2.25)
Collecting affine (from rasterio>=1.4->dashi-ingest==0.1.0)
  Downloading affine-2.4.0-py3-none-any.whl.metadata (4.0 kB)
Requirement already satisfied: attrs in /opt/conda/lib/python3.12/site-packages (from rasterio>=1.4->dashi-ingest==0.1.0) (26.1.0)
Requirement already satisfied: click!=8.2.*,>=4.0 in /opt/conda/lib/python3.12/site-packages (from rasterio>=1.4->dashi-ingest==0.1.0) (8.3.3)
Collecting cligj>=0.5 (from rasterio>=1.4->dashi-ingest==0.1.0)
  Downloading cligj-0.7.2-py3-none-any.whl.metadata (5.0 kB)
Collecting pyparsing (from rasterio>=1.4->dashi-ingest==0.1.0)
  Downloading pyparsing-3.3.2-py3-none-any.whl.metadata (5.8 kB)
Requirement already satisfied: charset_normalizer<4,>=2 in /opt/conda/lib/python3.12/site-packages (from requests>=2.32->dashi-ingest==0.1.0) (3.4.6)
Requirement already satisfied: idna<4,>=2.5 in /opt/conda/lib/python3.12/site-packages (from requests>=2.32->dashi-ingest==0.1.0) (3.11)
Requirement already satisfied: markdown-it-py>=2.2.0 in /opt/conda/lib/python3.12/site-packages (from rich>=13.7->dashi-ingest==0.1.0) (4.0.0)
Requirement already satisfied: pygments<3.0.0,>=2.13.0 in /opt/conda/lib/python3.12/site-packages (from rich>=13.7->dashi-ingest==0.1.0) (2.20.0)
Requirement already satisfied: mdurl~=0.1 in /opt/conda/lib/python3.12/site-packages (from markdown-it-py>=2.2.0->rich>=13.7->dashi-ingest==0.1.0) (0.1.2)
Requirement already satisfied: shellingham>=1.3.0 in /opt/conda/lib/python3.12/site-packages (from typer>=0.12->dashi-ingest==0.1.0) (1.5.4)
Requirement already satisfied: annotated-doc>=0.0.2 in /opt/conda/lib/python3.12/site-packages (from typer>=0.12->dashi-ingest==0.1.0) (0.0.4)
Downloading boto3-1.42.96-py3-none-any.whl (140 kB)
Downloading botocore-1.42.96-py3-none-any.whl (14.9 MB)
   ━━━━━━━━━━━━━━━━━━━━━━━━━━━━━━━━━━━━━━━━ 14.9/14.9 MB 1.6 MB/s  0:00:09
Downloading jmespath-1.1.0-py3-none-any.whl (20 kB)
Downloading s3transfer-0.16.1-py3-none-any.whl (86 kB)
Downloading geopandas-1.1.3-py3-none-any.whl (342 kB)
Downloading h3-4.4.2-cp312-cp312-manylinux2014_aarch64.manylinux_2_17_aarch64.manylinux_2_28_aarch64.whl (974 kB)
   ━━━━━━━━━━━━━━━━━━━━━━━━━━━━━━━━━━━━━━━━ 974.9/974.9 kB 1.5 MB/s  0:00:00
Downloading laspy-2.7.0-py3-none-any.whl (86 kB)
Downloading lazrs-0.8.1-cp312-cp312-manylinux_2_17_aarch64.manylinux2014_aarch64.whl (648 kB)
   ━━━━━━━━━━━━━━━━━━━━━━━━━━━━━━━━━━━━━━━━ 648.3/648.3 kB 4.7 MB/s  0:00:00
Downloading pandas-3.0.2-cp312-cp312-manylinux_2_24_aarch64.manylinux_2_28_aarch64.whl (10.4 MB)
   ━━━━━━━━━━━━━━━━━━━━━━━━━━━━━━━━━━━━━━━━ 10.4/10.4 MB 1.1 MB/s  0:00:08
Downloading pyarrow-24.0.0-cp312-cp312-manylinux_2_28_aarch64.whl (45.7 MB)
   ━━━━━━━━━━━━━━━━━━━━━━━━━━━━━━━━━━━━━━━━ 45.7/45.7 MB 2.3 MB/s  0:00:19
Downloading pyogrio-0.12.1-cp312-cp312-manylinux_2_28_aarch64.whl (31.0 MB)
   ━━━━━━━━━━━━━━━━━━━━━━━━━━━━━━━━━━━━━━━━ 31.0/31.0 MB 1.4 MB/s  0:00:21
Downloading pyproj-3.7.2-cp312-cp312-manylinux_2_28_aarch64.whl (9.7 MB)
   ━━━━━━━━━━━━━━━━━━━━━━━━━━━━━━━━━━━━━━━━ 9.7/9.7 MB 1.3 MB/s  0:00:07
Downloading pystac-1.14.3-py3-none-any.whl (208 kB)
Downloading rasterio-1.5.0-cp312-cp312-manylinux_2_28_aarch64.whl (36.1 MB)
   ━━━━━━━━━━━━━━━━━━━━━━━━━━━━━━━━━━━━━━━━ 36.1/36.1 MB 2.1 MB/s  0:00:17
Downloading cligj-0.7.2-py3-none-any.whl (7.1 kB)
Downloading shapely-2.1.2-cp312-cp312-manylinux2014_aarch64.manylinux_2_17_aarch64.whl (3.0 MB)
   ━━━━━━━━━━━━━━━━━━━━━━━━━━━━━━━━━━━━━━━━ 3.0/3.0 MB 2.1 MB/s  0:00:01
Downloading affine-2.4.0-py3-none-any.whl (15 kB)
Downloading pyparsing-3.3.2-py3-none-any.whl (122 kB)
Building wheels for collected packages: dashi-ingest
  Building editable for dashi-ingest (pyproject.toml): started
  Building editable for dashi-ingest (pyproject.toml): finished with status 'done'
  Created wheel for dashi-ingest: filename=dashi_ingest-0.1.0-py3-none-any.whl size=1537 sha256=cccffd13eccf151d97b68c118995f1217e9b149f1a2c6be6c149ca89f1b851d1
  Stored in directory: /tmp/pip-ephem-wheel-cache-gbtv0h7m/wheels/54/1b/b7/aa63e25c8f14f4f2ae7b04e6097bdecb770e455c5c1ee0a600
Successfully built dashi-ingest
Installing collected packages: lazrs, shapely, pyproj, pyparsing, pyogrio, pyarrow, laspy, jmespath, h3, cligj, affine, rasterio, pystac, pandas, botocore, s3transfer, geopandas, boto3, dashi-ingest

Successfully installed affine-2.4.0 boto3-1.42.96 botocore-1.42.96 cligj-0.7.2 dashi-ingest-0.1.0 geopandas-1.1.3 h3-4.4.2 jmespath-1.1.0 laspy-2.7.0 lazrs-0.8.1 pandas-3.0.2 pyarrow-24.0.0 pyogrio-0.12.1 pyparsing-3.3.2 pyproj-3.7.2 pystac-1.14.3 rasterio-1.5.0 s3transfer-0.16.1 shapely-2.1.2
[91mWARNING: Running pip as the 'root' user can result in broken permissions and conflicting behaviour with the system package manager, possibly rendering your system unusable. It is recommended to use a virtual environment instead: https://pip.pypa.io/warnings/venv. Use the --root-user-action option if you know what you are doing and want to suppress this warning.
[0m ---> Removed intermediate container 806a5b7a85d0
 ---> 7d7ff8242330
Step 7/8 : COPY fixtures /work/sample-data
 ---> 7df5f9d84e56
Step 8/8 : ENV PYTHONUNBUFFERED=1     PREFECT_LOGGING_LEVEL=INFO
 ---> Running in a56d77bcc681
 ---> Removed intermediate container a56d77bcc681
 ---> 64a68b80197d
Successfully built 64a68b80197d
Successfully tagged dashi/dashi-ingest:dev

========= [09:04:26Z] Import images into k3d cluster dashi =========
[36mINFO[0m[0000] Importing image(s) into cluster 'dashi'      
[36mINFO[0m[0001] Starting new tools node...                   
[36mINFO[0m[0001] Starting node 'k3d-dashi-tools'              
[36mINFO[0m[0001] Saving 2 image(s) from runtime...            
[36mINFO[0m[0015] Importing images into nodes...               
[36mINFO[0m[0015] Importing images from tarball '/k3d/images/k3d-dashi-images-20260425110428.tar' into node 'k3d-dashi-server-0'... 
[36mINFO[0m[0015] Importing images from tarball '/k3d/images/k3d-dashi-images-20260425110428.tar' into node 'k3d-dashi-agent-0'... 
[36mINFO[0m[0015] Importing images from tarball '/k3d/images/k3d-dashi-images-20260425110428.tar' into node 'k3d-dashi-agent-1'... 
[36mINFO[0m[0055] Removing the tarball(s) from image volume... 
[36mINFO[0m[0056] Removing k3d-tools node...                   
[36mINFO[0m[0057] Successfully imported image(s)               
[36mINFO[0m[0057] Successfully imported 2 image(s) into 1 cluster(s) 

========= [09:05:24Z] Re-run OGC (PMTiles regen + Martin rollout) =========
→ Generated new secret (stored only in the cluster Secret object)
namespace/dashi-serving-db unchanged
configmap/serving-postgis-initdb unchanged
secret/serving-postgis configured
service/serving-postgis unchanged
service/serving-postgis-headless unchanged
statefulset.apps/serving-postgis configured
kubectl -n dashi-serving-db rollout status statefulset/serving-postgis --timeout=180s
partitioned roll out complete: 1 new pods have been updated...
kubectl apply -k manifests/martin
configmap/martin-config unchanged
service/martin unchanged
deployment.apps/martin unchanged

→ Generating PMTiles (one Job per layer; replace pmtiles-generate.sh's
  layer list to add/remove sources)
→ spawning one K8s Job per layer in namespace dashi-data

  ▸ osm_roads   s3://processed/gelaende-umwelt/0e80204b11694337/vector  (z 5..14)
job.batch/pmtiles-osm-roads created
  ▸ osm_buildings   s3://processed/gelaende-umwelt/e697e674cbdbb8a0/vector  (z 10..14)
job.batch/pmtiles-osm-buildings created
  ▸ osm_landuse   s3://processed/gelaende-umwelt/3e101071b6b86e32/vector  (z 6..13)
job.batch/pmtiles-osm-landuse created
  ▸ osm_water   s3://processed/gelaende-umwelt/560d1c1d82d3d2bf/vector  (z 5..13)
job.batch/pmtiles-osm-water created
  ▸ osm_railways   s3://processed/gelaende-umwelt/2cd235c1855841ba/vector  (z 6..14)
job.batch/pmtiles-osm-railways created
  ▸ mgrs_grids   s3://processed/gelaende-umwelt/28838a19ceacfdf3/vector  (z 5..12)
job.batch/pmtiles-mgrs-grids created

→ waiting for all pmtiles-* Jobs to complete (up to 15 min)
  ✗ pmtiles-mgrs-grids
    error: timed out waiting for the condition
make: *** [ogc-deploy] Error 1
