
========= [08:21:29Z] Tear cluster down =========
→ Deleting k3d cluster 'dashi'
[36mINFO[0m[0000] Deleting cluster 'dashi'                     
[36mINFO[0m[0003] Deleting cluster network 'k3d-dashi'         
[36mINFO[0m[0003] Deleting 1 attached volumes...               
[36mINFO[0m[0003] Removing cluster details from default kubeconfig... 
[36mINFO[0m[0003] Removing standalone kubeconfig file (if there is one)... 
[36mINFO[0m[0003] Successfully deleted cluster dashi!          
✓ Teardown complete.

========= [08:21:33Z] Bring cluster up =========
→ Detected non-Linux host. Using k3d (k3s in Docker).
→ Creating cluster 'dashi' (1 server, 2 agents, port 8080→80, 8443→443)
[36mINFO[0m[0000] portmapping '8080:80' targets the loadbalancer: defaulting to [servers:*:proxy agents:*:proxy] 
[36mINFO[0m[0000] portmapping '8443:443' targets the loadbalancer: defaulting to [servers:*:proxy agents:*:proxy] 
[36mINFO[0m[0000] Prep: Network                                
[36mINFO[0m[0000] Created network 'k3d-dashi'                  
[36mINFO[0m[0000] Created image volume k3d-dashi-images        
[36mINFO[0m[0000] Starting new tools node...                   
[36mINFO[0m[0000] Starting node 'k3d-dashi-tools'              
[36mINFO[0m[0001] Creating node 'k3d-dashi-server-0'           
[36mINFO[0m[0001] Creating node 'k3d-dashi-agent-0'            
[36mINFO[0m[0001] Creating node 'k3d-dashi-agent-1'            
[36mINFO[0m[0001] Creating LoadBalancer 'k3d-dashi-serverlb'   
[36mINFO[0m[0001] Using the k3d-tools node to gather environment information 
[36mINFO[0m[0001] Starting new tools node...                   
[36mINFO[0m[0001] Starting node 'k3d-dashi-tools'              
[36mINFO[0m[0002] Starting cluster 'dashi'                     
[36mINFO[0m[0002] Starting servers...                          
[36mINFO[0m[0002] Starting node 'k3d-dashi-server-0'           
[36mINFO[0m[0005] Starting agents...                           
[36mINFO[0m[0005] Starting node 'k3d-dashi-agent-1'            
[36mINFO[0m[0005] Starting node 'k3d-dashi-agent-0'            
[36mINFO[0m[0008] Starting helpers...                          
[36mINFO[0m[0008] Starting node 'k3d-dashi-serverlb'           
[36mINFO[0m[0014] Injecting records for hostAliases (incl. host.k3d.internal) and for 5 network members into CoreDNS configmap... 
[36mINFO[0m[0016] Cluster 'dashi' created successfully!        
[36mINFO[0m[0016] You can now use it like this:                
kubectl cluster-info

→ Verifying cluster
Kubernetes control plane is running at https://0.0.0.0:58408
CoreDNS is running at https://0.0.0.0:58408/api/v1/namespaces/kube-system/services/kube-dns:dns/proxy
Metrics-server is running at https://0.0.0.0:58408/api/v1/namespaces/kube-system/services/https:metrics-server:https/proxy

To further debug and diagnose cluster problems, use 'kubectl cluster-info dump'.
NAME                 STATUS   ROLES                  AGE   VERSION
k3d-dashi-agent-0    Ready    <none>                 9s    v1.33.6+k3s1
k3d-dashi-agent-1    Ready    <none>                 9s    v1.33.6+k3s1
k3d-dashi-server-0   Ready    control-plane,master   11s   v1.33.6+k3s1

✓ Cluster 'dashi' ready.
  Next: make storage-deploy

========= [08:21:50Z] Storage (RustFS + buckets) =========
→ Generated new secret (stored only in the cluster Secret object)
namespace/dashi-platform created
secret/rustfs-root created
service/rustfs created
service/rustfs-headless created
statefulset.apps/rustfs created
job.batch/rustfs-create-buckets created

→ Waiting for RustFS to be Ready
kubectl -n dashi-platform rollout status statefulset/rustfs --timeout=180s
Waiting for 1 pods to be ready...
partitioned roll out complete: 1 new pods have been updated...

→ Waiting for bucket-init Job
kubectl -n dashi-platform wait --for=condition=complete job/rustfs-create-buckets --timeout=120s
job.batch/rustfs-create-buckets condition met

✓ RustFS ready. Buckets: landing / processed / curated
  Port-forward with: kubectl -n dashi-platform port-forward svc/rustfs 9000:9000 9001:9001

========= [08:22:36Z] Catalog (pgstac + stac-fastapi) =========
→ Generated new secret (stored only in the cluster Secret object)
namespace/dashi-catalog created
secret/pgstac-credentials created
service/pgstac created
service/pgstac-headless created
service/stac-fastapi created
deployment.apps/stac-fastapi created
statefulset.apps/pgstac created
job.batch/pgstac-migrate created

→ Waiting for Postgres (pgstac) StatefulSet
kubectl -n dashi-catalog rollout status statefulset/pgstac --timeout=180s
Waiting for 1 pods to be ready...
error: timed out waiting for the condition
make: *** [catalog-deploy] Error 1
